INFO:root:Seed: 767
INFO:root:conv_1 output: (?, 28, 28, 64)
INFO:root:maxpool_1 output: (?, 14, 14, 64)
INFO:root:conv_2 output: (?, 14, 14, 64)
INFO:root:conv_3 output: (?, 14, 14, 64)
INFO:root:conv_4 output: (?, 7, 7, 128)
INFO:root:conv_5 output: (?, 7, 7, 128)
INFO:root:conv_6 output: (?, 7, 7, 64)
INFO:root:conv_7 output: (?, 7, 7, 20)
INFO:root:avgpool_1 output: (?, 1, 1, 20)
INFO:root:deconv_1 output: (?, ?, ?, 128)
INFO:root:deconv_2 output: (?, ?, ?, 128)
INFO:root:deconv_3 output: (?, ?, ?, 64)
INFO:root:deconv_4 output: (?, ?, ?, 64)
INFO:root:deconv_5 output: (?, ?, ?, ?)
INFO:root:deconv_1 output: (?, ?, ?, 128)
INFO:root:deconv_2 output: (?, ?, ?, 128)
INFO:root:deconv_3 output: (?, ?, ?, 64)
INFO:root:deconv_4 output: (?, ?, ?, 64)
INFO:root:deconv_5 output: (?, ?, ?, ?)
INFO:root:Date: 2017-06-11 12:02:03
INFO:root:Batch_size: 100
INFO:root:Model: conv_vae/
INFO:root:Model training from scratch.
INFO:root:Learning Rate: 0
INFO:root:Iterations: 20
INFO:root:Seed: 583
INFO:root:conv_1 output: (?, 28, 28, 64)
INFO:root:maxpool_1 output: (?, 14, 14, 64)
INFO:root:conv_2 output: (?, 14, 14, 64)
INFO:root:conv_3 output: (?, 14, 14, 64)
INFO:root:conv_4 output: (?, 7, 7, 128)
INFO:root:conv_5 output: (?, 7, 7, 128)
INFO:root:conv_6 output: (?, 7, 7, 64)
INFO:root:conv_7 output: (?, 7, 7, 20)
INFO:root:avgpool_1 output: (?, 1, 1, 20)
INFO:root:deconv_1 output: (?, ?, ?, 128)
INFO:root:deconv_2 output: (?, ?, ?, 128)
INFO:root:deconv_3 output: (?, ?, ?, 64)
INFO:root:deconv_4 output: (?, ?, ?, 64)
INFO:root:deconv_5 output: (?, ?, ?, ?)
INFO:root:deconv_1 output: (?, ?, ?, 128)
INFO:root:deconv_2 output: (?, ?, ?, 128)
INFO:root:deconv_3 output: (?, ?, ?, 64)
INFO:root:deconv_4 output: (?, ?, ?, 64)
INFO:root:deconv_5 output: (?, ?, ?, ?)
INFO:root:Date: 2017-06-11 12:09:40
INFO:root:Batch_size: 100
INFO:root:Model: conv_vae/
INFO:root:Model training from scratch.
INFO:root:Learning Rate: 0
INFO:root:Iterations: 20
INFO:root:Learning Rate: 0
INFO:root:Iterations: 20
INFO:root:Seed: 191
INFO:root:conv_1 output: (?, 28, 28, 64)
INFO:root:maxpool_1 output: (?, 14, 14, 64)
INFO:root:conv_2 output: (?, 14, 14, 64)
INFO:root:conv_3 output: (?, 14, 14, 64)
INFO:root:conv_4 output: (?, 7, 7, 128)
INFO:root:conv_5 output: (?, 7, 7, 128)
INFO:root:conv_6 output: (?, 7, 7, 64)
INFO:root:conv_7 output: (?, 7, 7, 20)
INFO:root:avgpool_1 output: (?, 1, 1, 20)
INFO:root:deconv_1 output: (?, ?, ?, 128)
INFO:root:deconv_2 output: (?, ?, ?, 128)
INFO:root:deconv_3 output: (?, ?, ?, 64)
INFO:root:deconv_4 output: (?, ?, ?, 64)
INFO:root:deconv_5 output: (?, ?, ?, ?)
INFO:root:deconv_1 output: (?, ?, ?, 128)
INFO:root:deconv_2 output: (?, ?, ?, 128)
INFO:root:deconv_3 output: (?, ?, ?, 64)
INFO:root:deconv_4 output: (?, ?, ?, 64)
INFO:root:deconv_5 output: (?, ?, ?, ?)
INFO:root:Date: 2017-06-11 12:16:43
INFO:root:Batch_size: 100
INFO:root:Model: conv_vae/
INFO:root:Model training from scratch.
INFO:root:Learning Rate: 0
INFO:root:Iterations: 20
INFO:root:Batch Number: 0, Image Loss= 0.489086
INFO:root:Seed: 143
INFO:root:conv_1 output: (?, 28, 28, 64)
INFO:root:maxpool_1 output: (?, 14, 14, 64)
INFO:root:conv_2 output: (?, 14, 14, 64)
INFO:root:conv_3 output: (?, 14, 14, 64)
INFO:root:conv_4 output: (?, 7, 7, 128)
INFO:root:conv_5 output: (?, 7, 7, 128)
INFO:root:conv_6 output: (?, 7, 7, 64)
INFO:root:conv_7 output: (?, 7, 7, 20)
INFO:root:avgpool_1 output: (?, 1, 1, 20)
INFO:root:deconv_1 output: (?, ?, ?, 128)
INFO:root:deconv_2 output: (?, ?, ?, 128)
INFO:root:deconv_3 output: (?, ?, ?, 64)
INFO:root:deconv_4 output: (?, ?, ?, 64)
INFO:root:deconv_5 output: (?, ?, ?, ?)
INFO:root:deconv_1 output: (?, ?, ?, 128)
INFO:root:deconv_2 output: (?, ?, ?, 128)
INFO:root:deconv_3 output: (?, ?, ?, 64)
INFO:root:deconv_4 output: (?, ?, ?, 64)
INFO:root:deconv_5 output: (?, ?, ?, ?)
INFO:root:Date: 2017-06-11 12:17:53
INFO:root:Batch_size: 100
INFO:root:Model: conv_vae/
INFO:root:Model training from scratch.
INFO:root:Learning Rate: 0
INFO:root:Iterations: 20
INFO:root:Batch Number: 0, Image Loss= 0.464638
INFO:root:Learning Rate: 0
INFO:root:Iterations: 20
INFO:root:Batch Number: 25, Image Loss= 0.112266
INFO:root:Learning Rate: 0
INFO:root:Iterations: 20
INFO:root:Batch Number: 36, Image Loss= 0.099996
INFO:root:Seed: 921
INFO:root:conv_1 output: (?, 28, 28, 64)
INFO:root:maxpool_1 output: (?, 14, 14, 64)
INFO:root:conv_2 output: (?, 14, 14, 64)
INFO:root:conv_3 output: (?, 14, 14, 64)
INFO:root:conv_4 output: (?, 7, 7, 128)
INFO:root:conv_5 output: (?, 7, 7, 128)
INFO:root:conv_6 output: (?, 7, 7, 64)
INFO:root:conv_7 output: (?, 7, 7, 20)
INFO:root:avgpool_1 output: (?, 1, 1, 20)
INFO:root:deconv_1 output: (?, ?, ?, 128)
INFO:root:deconv_2 output: (?, ?, ?, 128)
INFO:root:deconv_3 output: (?, ?, ?, 64)
INFO:root:deconv_4 output: (?, ?, ?, 64)
INFO:root:deconv_5 output: (?, ?, ?, ?)
INFO:root:deconv_1 output: (?, ?, ?, 128)
INFO:root:deconv_2 output: (?, ?, ?, 128)
INFO:root:deconv_3 output: (?, ?, ?, 64)
INFO:root:deconv_4 output: (?, ?, ?, 64)
INFO:root:deconv_5 output: (?, ?, ?, ?)
INFO:root:Date: 2017-06-11 12:21:55
INFO:root:Batch_size: 100
INFO:root:Model: conv_vae/
INFO:root:Model training from scratch.
INFO:root:Learning Rate: 0
INFO:root:Iterations: 1
INFO:root:Batch Number: 0, Image Loss= 0.458053
INFO:root:Batch Number: 200, Image Loss= 0.069781
INFO:root:Batch Number: 400, Image Loss= 0.059116
INFO:root:Optimization Finished!
INFO:root:Model saved in file: summaries/conv_vae/Model10/part_0.ckpt
INFO:root:Seed: 874
INFO:root:Seed: 161
INFO:root:conv_1 output: (?, 28, 28, 64)
INFO:root:maxpool_1 output: (?, 14, 14, 64)
INFO:root:conv_2 output: (?, 14, 14, 64)
INFO:root:conv_3 output: (?, 14, 14, 64)
INFO:root:conv_4 output: (?, 7, 7, 128)
INFO:root:conv_5 output: (?, 7, 7, 128)
INFO:root:conv_6 output: (?, 7, 7, 64)
INFO:root:conv_7 output: (?, 7, 7, 20)
INFO:root:avgpool_1 output: (?, 1, 1, 20)
INFO:root:deconv_1 output: (?, ?, ?, 128)
INFO:root:deconv_2 output: (?, ?, ?, 128)
INFO:root:deconv_3 output: (?, ?, ?, 64)
INFO:root:deconv_4 output: (?, ?, ?, 64)
INFO:root:deconv_5 output: (?, ?, ?, ?)
INFO:root:deconv_1 output: (?, ?, ?, 128)
INFO:root:deconv_2 output: (?, ?, ?, 128)
INFO:root:deconv_3 output: (?, ?, ?, 64)
INFO:root:deconv_4 output: (?, ?, ?, 64)
INFO:root:deconv_5 output: (?, ?, ?, ?)
INFO:root:Date: 2017-06-14 17:35:32
INFO:root:Batch_size: 100
INFO:root:Model: conv_vae/
INFO:root:Model training from scratch.
INFO:root:Learning Rate: 0
INFO:root:Iterations: 1
INFO:root:Batch Number: 0, Image Loss= 0.490127
INFO:root:Batch Number: 200, Image Loss= 0.069439
